Using pre-set license
Built from '2020.3/staging' branch; Version is '2020.3.30f1 (1fb1bf06830e) revision 2077119'; Using compiler version '192528614'; Build Type 'Release'
OS: 'Windows 10  (10.0.19044) 64bit Professional' Language: 'en' Physical Memory: 16192 MB
BatchMode: 1, IsHumanControllingUs: 0, StartBugReporterOnCrash: 0, Is64bit: 1, IsPro: 0

COMMAND LINE ARGUMENTS:
C:\Program Files\Unity\Hub\Editor\2020.3.30f1\Editor\Unity.exe
-adb2
-batchMode
-noUpm
-name
AssetImportWorker0
-projectPath
C:/Users/veteran/Documents/GitHub/CPTGame/CPTGame
-logFile
Logs/AssetImportWorker0.log
-srvPort
58098
Successfully changed project path to: C:/Users/veteran/Documents/GitHub/CPTGame/CPTGame
C:/Users/veteran/Documents/GitHub/CPTGame/CPTGame
Using Asset Import Pipeline V2.
Refreshing native plugins compatible for Editor in 82.73 ms, found 3 plugins.
Preloading 0 native plugins for Editor in 0.00 ms.
Initialize engine version: 2020.3.30f1 (1fb1bf06830e)
[Subsystems] Discovering subsystems at path C:/Program Files/Unity/Hub/Editor/2020.3.30f1/Editor/Data/Resources/UnitySubsystems
[Subsystems] Discovering subsystems at path C:/Users/veteran/Documents/GitHub/CPTGame/CPTGame/Assets
GfxDevice: creating device client; threaded=0
Direct3D:
    Version:  Direct3D 11.0 [level 11.1]
    Renderer: Intel(R) UHD Graphics (ID=0x9b41)
    Vendor:   
    VRAM:     8096 MB
    Driver:   30.0.101.1122
Initialize mono
Mono path[0] = 'C:/Program Files/Unity/Hub/Editor/2020.3.30f1/Editor/Data/Managed'
Mono path[1] = 'C:/Program Files/Unity/Hub/Editor/2020.3.30f1/Editor/Data/MonoBleedingEdge/lib/mono/unityjit'
Mono config path = 'C:/Program Files/Unity/Hub/Editor/2020.3.30f1/Editor/Data/MonoBleedingEdge/etc'
Using monoOptions --debugger-agent=transport=dt_socket,embedding=1,server=y,suspend=n,address=127.0.0.1:56340
Begin MonoManager ReloadAssembly
Registering precompiled unity dll's ...
Register platform support module: C:/Program Files/Unity/Hub/Editor/2020.3.30f1/Editor/Data/PlaybackEngines/WebGLSupport/UnityEditor.WebGL.Extensions.dll
Register platform support module: C:/Program Files/Unity/Hub/Editor/2020.3.30f1/Editor/Data/PlaybackEngines/WindowsStandaloneSupport/UnityEditor.WindowsStandalone.Extensions.dll
Registered in 0.005455 seconds.
Native extension for WindowsStandalone target not found
Native extension for WebGL target not found
Refreshing native plugins compatible for Editor in 53.85 ms, found 3 plugins.
Preloading 0 native plugins for Editor in 0.00 ms.
Mono: successfully reloaded assembly
- Completed reload, in  0.998 seconds
Domain Reload Profiling:
	ReloadAssembly (998ms)
		BeginReloadAssembly (133ms)
			ExecutionOrderSort (0ms)
			DisableScriptedObjects (0ms)
			BackupInstance (0ms)
			ReleaseScriptingObjects (0ms)
			CreateAndSetChildDomain (2ms)
		EndReloadAssembly (740ms)
			LoadAssemblies (127ms)
			RebuildTransferFunctionScriptingTraits (0ms)
			SetupTypeCache (301ms)
			ReleaseScriptCaches (0ms)
			RebuildScriptCaches (48ms)
			SetupLoadedEditorAssemblies (249ms)
				LogAssemblyErrors (0ms)
				InitializePlatformSupportModulesInManaged (7ms)
				SetLoadedEditorAssemblies (0ms)
				RefreshPlugins (54ms)
				BeforeProcessingInitializeOnLoad (22ms)
				ProcessInitializeOnLoadAttributes (118ms)
				ProcessInitializeOnLoadMethodAttributes (48ms)
				AfterProcessingInitializeOnLoad (0ms)
				EditorAssembliesLoaded (0ms)
			ExecutionOrderSort2 (0ms)
			AwakeInstancesAfterBackupRestoration (0ms)
Platform modules already initialized, skipping
Registering precompiled user dll's ...
Registered in 0.008058 seconds.
Begin MonoManager ReloadAssembly
Native extension for WindowsStandalone target not found
Native extension for WebGL target not found
Refreshing native plugins compatible for Editor in 52.99 ms, found 3 plugins.
Preloading 0 native plugins for Editor in 0.00 ms.
Mono: successfully reloaded assembly
- Completed reload, in  2.101 seconds
Domain Reload Profiling:
	ReloadAssembly (2103ms)
		BeginReloadAssembly (288ms)
			ExecutionOrderSort (0ms)
			DisableScriptedObjects (9ms)
			BackupInstance (0ms)
			ReleaseScriptingObjects (0ms)
			CreateAndSetChildDomain (62ms)
		EndReloadAssembly (1728ms)
			LoadAssemblies (161ms)
			RebuildTransferFunctionScriptingTraits (0ms)
			SetupTypeCache (581ms)
			ReleaseScriptCaches (1ms)
			RebuildScriptCaches (130ms)
			SetupLoadedEditorAssemblies (644ms)
				LogAssemblyErrors (0ms)
				InitializePlatformSupportModulesInManaged (8ms)
				SetLoadedEditorAssemblies (0ms)
				RefreshPlugins (53ms)
				BeforeProcessingInitializeOnLoad (127ms)
				ProcessInitializeOnLoadAttributes (427ms)
				ProcessInitializeOnLoadMethodAttributes (21ms)
				AfterProcessingInitializeOnLoad (8ms)
				EditorAssembliesLoaded (0ms)
			ExecutionOrderSort2 (0ms)
			AwakeInstancesAfterBackupRestoration (8ms)
Platform modules already initialized, skipping
========================================================================
Worker process is ready to serve import requests
Launched and connected shader compiler UnityShaderCompiler.exe after 0.04 seconds
Refreshing native plugins compatible for Editor in 0.51 ms, found 3 plugins.
Preloading 0 native plugins for Editor in 0.00 ms.
Unloading 2211 Unused Serialized files (Serialized files now loaded: 0)
System memory in use before: 98.4 MB.
System memory in use after: 98.3 MB.

Unloading 31 unused Assets to reduce memory usage. Loaded Objects now: 2642.
Total: 3.427600 ms (FindLiveObjects: 0.200100 ms CreateObjectMapping: 0.093700 ms MarkObjects: 2.983000 ms  DeleteObjects: 0.150000 ms)

AssetImportParameters requested are different than current active one (requested -> active):
  custom:framework-win-MediaFoundation: 216162199b28c13a410421893ffa2e32 -> 
  custom:video-decoder-ogg-theora: a1e56fd34408186e4bbccfd4996cb3dc -> 
  custom:container-muxer-webm: aa71ff27fc2769a1b78a27578f13a17b -> 
  custom:container-demuxer-webm: 4f35f7cbe854078d1ac9338744f61a02 -> 
  custom:container-demuxer-ogg: 62fdf1f143b41e24485cea50d1cbac27 -> 
  custom:video-encoder-webm-vp8: eb34c28f22e8b96e1ab97ce403110664 -> 
  custom:video-codec-MediaFoundation-h265: 746d11721c4dcdbdad8f713fa42b33f4 -> 
  custom:video-decoder-webm-vp8: 9c59270c3fd7afecdb556c50c9e8de78 -> 
  custom:audio-decoder-ogg-vorbis: bf7c407c2cedff20999df2af8eb42d56 -> 
  custom:audio-encoder-webm-vorbis: bf7c407c2cedff20999df2af8eb42d56 -> 
========================================================================
Received Import Request.
  path: Assets/MockUp/MockUpQA.cs
  artifactKey: Guid(610b9e6db33f3d0429d4a9fc50550150) Importer(815301076,1909f56bfc062723c751e8b465ee728b)
Start importing Assets/MockUp/MockUpQA.cs using Guid(610b9e6db33f3d0429d4a9fc50550150) Importer(815301076,1909f56bfc062723c751e8b465ee728b)  -> (artifact id: '61f0fdf01691e29eceb63a6d778deb7b') in 0.032515 seconds 
========================================================================
Received Import Request.
  Time since last request: 314.836394 seconds.
  path: Assets/MockUp/MockUpQA.cs
  artifactKey: Guid(610b9e6db33f3d0429d4a9fc50550150) Importer(815301076,1909f56bfc062723c751e8b465ee728b)
Start importing Assets/MockUp/MockUpQA.cs using Guid(610b9e6db33f3d0429d4a9fc50550150) Importer(815301076,1909f56bfc062723c751e8b465ee728b)  -> (artifact id: '2d3235d09f2d2b80d9486755abdaf2be') in 0.004026 seconds 
========================================================================
Received Import Request.
  Time since last request: 359.208768 seconds.
  path: Assets/MockUp/MockUpQA.cs
  artifactKey: Guid(610b9e6db33f3d0429d4a9fc50550150) Importer(815301076,1909f56bfc062723c751e8b465ee728b)
Start importing Assets/MockUp/MockUpQA.cs using Guid(610b9e6db33f3d0429d4a9fc50550150) Importer(815301076,1909f56bfc062723c751e8b465ee728b)  -> (artifact id: '7819ad9eee770e6c48984bbe77e78389') in 0.003102 seconds 
========================================================================
Received Import Request.
  Time since last request: 95.484487 seconds.
  path: Assets/MockUp/MockUpQA.cs
  artifactKey: Guid(610b9e6db33f3d0429d4a9fc50550150) Importer(815301076,1909f56bfc062723c751e8b465ee728b)
Start importing Assets/MockUp/MockUpQA.cs using Guid(610b9e6db33f3d0429d4a9fc50550150) Importer(815301076,1909f56bfc062723c751e8b465ee728b)  -> (artifact id: 'e4b378e942569000783a24e5b293abb1') in 0.003594 seconds 
========================================================================
Received Import Request.
  Time since last request: 195.891605 seconds.
  path: Assets/MockUp/MockUpQA.cs
  artifactKey: Guid(610b9e6db33f3d0429d4a9fc50550150) Importer(815301076,1909f56bfc062723c751e8b465ee728b)
Start importing Assets/MockUp/MockUpQA.cs using Guid(610b9e6db33f3d0429d4a9fc50550150) Importer(815301076,1909f56bfc062723c751e8b465ee728b)  -> (artifact id: '7220ae67e27b321b13557c7232ec90b1') in 0.004112 seconds 
========================================================================
Received Prepare
Registering precompiled user dll's ...
Registered in 0.005014 seconds.
Begin MonoManager ReloadAssembly
Native extension for WindowsStandalone target not found
Native extension for WebGL target not found
Refreshing native plugins compatible for Editor in 1.02 ms, found 3 plugins.
Preloading 0 native plugins for Editor in 0.00 ms.
Mono: successfully reloaded assembly
- Completed reload, in  2.052 seconds
Domain Reload Profiling:
	ReloadAssembly (2052ms)
		BeginReloadAssembly (149ms)
			ExecutionOrderSort (0ms)
			DisableScriptedObjects (12ms)
			BackupInstance (0ms)
			ReleaseScriptingObjects (0ms)
			CreateAndSetChildDomain (48ms)
		EndReloadAssembly (1819ms)
			LoadAssemblies (167ms)
			RebuildTransferFunctionScriptingTraits (0ms)
			SetupTypeCache (506ms)
			ReleaseScriptCaches (2ms)
			RebuildScriptCaches (110ms)
			SetupLoadedEditorAssemblies (782ms)
				LogAssemblyErrors (0ms)
				InitializePlatformSupportModulesInManaged (14ms)
				SetLoadedEditorAssemblies (1ms)
				RefreshPlugins (1ms)
				BeforeProcessingInitializeOnLoad (182ms)
				ProcessInitializeOnLoadAttributes (564ms)
				ProcessInitializeOnLoadMethodAttributes (13ms)
				AfterProcessingInitializeOnLoad (6ms)
				EditorAssembliesLoaded (0ms)
			ExecutionOrderSort2 (0ms)
			AwakeInstancesAfterBackupRestoration (10ms)
Platform modules already initialized, skipping
Refreshing native plugins compatible for Editor in 0.58 ms, found 3 plugins.
Preloading 0 native plugins for Editor in 0.00 ms.
Unloading 2193 Unused Serialized files (Serialized files now loaded: 0)
System memory in use before: 97.0 MB.
System memory in use after: 97.0 MB.

Unloading 20 unused Assets to reduce memory usage. Loaded Objects now: 2644.
Total: 5.382200 ms (FindLiveObjects: 0.272100 ms CreateObjectMapping: 0.140100 ms MarkObjects: 4.843500 ms  DeleteObjects: 0.125000 ms)

AssetImportParameters requested are different than current active one (requested -> active):
  custom:framework-win-MediaFoundation: 216162199b28c13a410421893ffa2e32 -> 
  custom:video-decoder-ogg-theora: a1e56fd34408186e4bbccfd4996cb3dc -> 
  custom:container-muxer-webm: aa71ff27fc2769a1b78a27578f13a17b -> 
  custom:container-demuxer-webm: 4f35f7cbe854078d1ac9338744f61a02 -> 
  custom:container-demuxer-ogg: 62fdf1f143b41e24485cea50d1cbac27 -> 
  custom:video-encoder-webm-vp8: eb34c28f22e8b96e1ab97ce403110664 -> 
  custom:video-codec-MediaFoundation-h265: 746d11721c4dcdbdad8f713fa42b33f4 -> 
  custom:video-decoder-webm-vp8: 9c59270c3fd7afecdb556c50c9e8de78 -> 
  custom:audio-decoder-ogg-vorbis: bf7c407c2cedff20999df2af8eb42d56 -> 
  custom:audio-encoder-webm-vorbis: bf7c407c2cedff20999df2af8eb42d56 -> 
========================================================================
Received Import Request.
  Time since last request: 37.114687 seconds.
  path: Assets/MockUp/MockUpQA.cs
  artifactKey: Guid(610b9e6db33f3d0429d4a9fc50550150) Importer(815301076,1909f56bfc062723c751e8b465ee728b)
Start importing Assets/MockUp/MockUpQA.cs using Guid(610b9e6db33f3d0429d4a9fc50550150) Importer(815301076,1909f56bfc062723c751e8b465ee728b)  -> (artifact id: '809c50ea942de9f27d4a763cf58163e3') in 0.007355 seconds 
========================================================================
Received Import Request.
  Time since last request: 9.493953 seconds.
  path: Assets/MockUp/MockUpQA.cs
  artifactKey: Guid(610b9e6db33f3d0429d4a9fc50550150) Importer(815301076,1909f56bfc062723c751e8b465ee728b)
Start importing Assets/MockUp/MockUpQA.cs using Guid(610b9e6db33f3d0429d4a9fc50550150) Importer(815301076,1909f56bfc062723c751e8b465ee728b)  -> (artifact id: 'ff117ca2770645a4183242c6e0c7e9d8') in 0.002560 seconds 
========================================================================
Received Import Request.
  Time since last request: 13.870363 seconds.
  path: Assets/MockUp/MockUpQA.cs
  artifactKey: Guid(610b9e6db33f3d0429d4a9fc50550150) Importer(815301076,1909f56bfc062723c751e8b465ee728b)
Start importing Assets/MockUp/MockUpQA.cs using Guid(610b9e6db33f3d0429d4a9fc50550150) Importer(815301076,1909f56bfc062723c751e8b465ee728b)  -> (artifact id: '9d0f09ccff9a83b058619004a68d6dbd') in 0.002705 seconds 
========================================================================
Received Import Request.
  Time since last request: 98.070881 seconds.
  path: Assets/MockUp/MockUpQA.cs
  artifactKey: Guid(610b9e6db33f3d0429d4a9fc50550150) Importer(815301076,1909f56bfc062723c751e8b465ee728b)
Start importing Assets/MockUp/MockUpQA.cs using Guid(610b9e6db33f3d0429d4a9fc50550150) Importer(815301076,1909f56bfc062723c751e8b465ee728b)  -> (artifact id: '33a191776684ec441a67c08c11ca123a') in 0.002888 seconds 
========================================================================
Received Import Request.
  Time since last request: 17.758439 seconds.
  path: Assets/MockUp/MockUpQA.cs
  artifactKey: Guid(610b9e6db33f3d0429d4a9fc50550150) Importer(815301076,1909f56bfc062723c751e8b465ee728b)
Start importing Assets/MockUp/MockUpQA.cs using Guid(610b9e6db33f3d0429d4a9fc50550150) Importer(815301076,1909f56bfc062723c751e8b465ee728b)  -> (artifact id: 'd609fd5ad97dd3b975fc2d8312a6d5a6') in 0.003134 seconds 
========================================================================
Received Import Request.
  Time since last request: 18.027050 seconds.
  path: Assets/MockUp/MockUpQA.cs
  artifactKey: Guid(610b9e6db33f3d0429d4a9fc50550150) Importer(815301076,1909f56bfc062723c751e8b465ee728b)
Start importing Assets/MockUp/MockUpQA.cs using Guid(610b9e6db33f3d0429d4a9fc50550150) Importer(815301076,1909f56bfc062723c751e8b465ee728b)  -> (artifact id: '90aa8ff8308fa3d6d6ecd8089dfdcf25') in 0.003551 seconds 
========================================================================
Received Import Request.
  Time since last request: 250.236399 seconds.
  path: Assets/MockUp/MockUpQA.cs
  artifactKey: Guid(610b9e6db33f3d0429d4a9fc50550150) Importer(815301076,1909f56bfc062723c751e8b465ee728b)
Start importing Assets/MockUp/MockUpQA.cs using Guid(610b9e6db33f3d0429d4a9fc50550150) Importer(815301076,1909f56bfc062723c751e8b465ee728b)  -> (artifact id: 'ce4f1274863fee7945d3ad5a93d2f66a') in 0.004974 seconds 
========================================================================
Received Import Request.
  Time since last request: 25.630131 seconds.
  path: Assets/MockUp/MockUpQA.cs
  artifactKey: Guid(610b9e6db33f3d0429d4a9fc50550150) Importer(815301076,1909f56bfc062723c751e8b465ee728b)
Start importing Assets/MockUp/MockUpQA.cs using Guid(610b9e6db33f3d0429d4a9fc50550150) Importer(815301076,1909f56bfc062723c751e8b465ee728b)  -> (artifact id: 'ab508b8c5371a68535890476a6801f4f') in 0.003074 seconds 
AssetImportWorkerClient::OnTransportError - code=2 error=End of file
